20230920	17:12:42	1dd0a7fe-3974-46cf-9ccf-6ae841d8cc48	TypeError: allowedOrigins.indexOf is not a function	GET	/css/style.css	undefined
20230920	17:12:59	716171a0-c351-472f-9ff1-0dd0224d930b	TypeError: allowedOrigins.indexOf is not a function	GET	/	undefined
20230923	21:00:10	006c9b97-b670-4b93-b19a-d35ef17143ff	SyntaxError: Unexpected token J in JSON at position 13	POST	/users	undefined
20230923	23:54:36	620e4aaa-9edc-4dd9-9e0c-a30dc65c03b3	ReferenceError: id is not defined	DELETE	/users	undefined
20230924	15:43:19	ea7f55fb-5048-4118-b0e2-65d8764bfb98	SyntaxError: Unexpected string in JSON at position 94	POST	/notes	undefined
20231029	21:56:38	4129e95f-9707-4762-9d3d-0a48b7793d13	Error: Not allowed by CORS	GET	/users	http://localhost:3000
20231029	22:02:48	bf147bf4-85b2-4f8b-8722-f4c8edf53c5b	Error: Not allowed by CORS	GET	/users	http://localhost:3000
20231029	22:04:03	e15bc628-b79b-4fa4-8617-692d4c07b82d	Error: Not allowed by CORS	GET	/users	http://localhost:3000
20231029	22:07:48	15b50fdb-aff7-4f3b-a2f8-d6fc39121d58	Error: Not allowed by CORS	GET	/users	http://localhost:3000
20231029	22:08:59	3beccc3d-1323-4fa6-b554-4c1ad40a44fd	Error: Not allowed by CORS	GET	/users	http://localhost:3000
20240103	17:30:10	56be0d60-5904-464d-9930-6d9779f7cfb7	TypeError: Cannot read properties of undefined (reading 'split')	GET	/notes	http://localhost:3000
20240103	17:30:10	f402f724-1f37-4db9-aba4-871554727eeb	TypeError: Cannot read properties of undefined (reading 'split')	GET	/users	http://localhost:3000
20240103	17:31:11	513ca092-50c0-4281-9893-e1b78af08805	TypeError: Cannot read properties of undefined (reading 'split')	GET	/notes	http://localhost:3000
20240103	17:31:11	3c9787d7-b9d8-4f82-bf66-0c3e32e06a71	TypeError: Cannot read properties of undefined (reading 'split')	GET	/users	http://localhost:3000
20240103	17:36:23	04a54465-b40a-4ebb-bd64-f3a36a43f813	TypeError: Cannot read properties of undefined (reading 'split')	GET	/notes	http://localhost:3000
20240103	17:36:23	58216956-8cc0-4d59-aad7-22eb9b399139	TypeError: Cannot read properties of undefined (reading 'split')	GET	/users	http://localhost:3000
20240103	17:36:53	4a44bca7-0432-475e-ab72-85e78215160a	TypeError: Cannot read properties of undefined (reading 'split')	GET	/notes	http://localhost:3000
20240103	17:36:58	840c0218-3158-4418-b9f8-0041f0980bfd	TypeError: Cannot read properties of undefined (reading 'split')	GET	/users	http://localhost:3000
20240103	17:37:00	be7dc640-99b4-4a90-a1af-d80d9b8cd2bc	TypeError: Cannot read properties of undefined (reading 'split')	GET	/notes	http://localhost:3000
20240103	17:37:03	277fd926-8d42-4aaf-9de5-5df0cd7224b2	TypeError: Cannot read properties of undefined (reading 'split')	GET	/users	http://localhost:3000
20240103	17:37:05	16a491c9-b1b0-4e60-8bb4-5a787ab034cc	TypeError: Cannot read properties of undefined (reading 'split')	GET	/notes	http://localhost:3000
20240103	17:37:35	93f65f18-90b2-4346-bbee-2e265dfc6da1	TypeError: Cannot read properties of undefined (reading 'split')	GET	/notes	http://localhost:3000
20240103	17:37:37	15c55f74-736f-4491-a199-9339ecc66391	TypeError: Cannot read properties of undefined (reading 'split')	GET	/notes	http://localhost:3000
20240103	17:37:42	1e3d52f5-2265-4cb9-b832-f888a76c605f	TypeError: Cannot read properties of undefined (reading 'split')	GET	/notes	http://localhost:3000
20240103	17:37:42	6e3e5fa1-8751-498e-abdc-dde26628102b	TypeError: Cannot read properties of undefined (reading 'split')	GET	/users	http://localhost:3000
20240103	17:37:47	afa1d5af-54ee-479b-8903-2dbbd29bb4f6	TypeError: Cannot read properties of undefined (reading 'split')	GET	/users	http://localhost:3000
20240103	17:38:48	9b13fcde-6654-4df2-b795-c40d8150d91a	TypeError: Cannot read properties of undefined (reading 'split')	GET	/users	http://localhost:3000
20240103	17:39:28	3eb7e8ae-2e44-407d-9bd3-e8bf7f3d597e	TypeError: Cannot read properties of undefined (reading 'split')	GET	/users	http://localhost:3000
20240103	17:39:55	fdfb6c15-cdd6-4cad-857b-d7d0a39792b8	TypeError: Cannot read properties of undefined (reading 'split')	GET	/users	http://localhost:3000
20240103	17:39:58	06667b74-75c6-4639-bb11-59b110ed2dae	TypeError: Cannot read properties of undefined (reading 'split')	GET	/users	http://localhost:3000
20240103	17:39:58	319a4e56-02bd-4044-b5d6-a31041d19b23	TypeError: Cannot read properties of undefined (reading 'split')	GET	/notes	http://localhost:3000
20240103	17:39:58	4e5adc89-4543-4715-962d-4a61aabc921d	TypeError: Cannot read properties of undefined (reading 'split')	GET	/users	http://localhost:3000
20240103	17:40:02	fb498890-3cda-4fa0-a126-55ef6d54c5ea	TypeError: Cannot read properties of undefined (reading 'split')	GET	/notes	http://localhost:3000
20240103	17:40:17	a501fc26-f3c0-4052-b118-9851622d94b9	TypeError: Cannot read properties of undefined (reading 'split')	GET	/notes	http://localhost:3000
20240103	17:40:22	896a77ec-9cf7-4ff3-b7d3-a992de860468	TypeError: Cannot read properties of undefined (reading 'split')	GET	/notes	http://localhost:3000
20240103	17:40:37	7782a0e0-66db-432e-90d7-a12a1aaabafd	TypeError: Cannot read properties of undefined (reading 'split')	GET	/notes	http://localhost:3000
20240103	17:40:53	951bdb85-2920-4c23-99b3-31a833818297	TypeError: Cannot read properties of undefined (reading 'split')	GET	/notes	http://localhost:3000
20240103	17:41:09	3ecc9006-7fa0-4053-aae9-b6590a8bd036	TypeError: Cannot read properties of undefined (reading 'split')	GET	/notes	http://localhost:3000
20240103	17:41:25	d2c47e36-eae7-4dbe-8ca0-d2768bc1fe2c	TypeError: Cannot read properties of undefined (reading 'split')	GET	/notes	http://localhost:3000
20240103	17:41:41	a11e26cb-529f-4469-851a-4c11141e85bd	TypeError: Cannot read properties of undefined (reading 'split')	GET	/notes	http://localhost:3000
20240103	17:41:57	cdeb961c-becc-4879-9f1d-81952324c874	TypeError: Cannot read properties of undefined (reading 'split')	GET	/notes	http://localhost:3000
20240103	17:42:13	fc654c74-ab0f-4d65-8627-e5b65749e037	TypeError: Cannot read properties of undefined (reading 'split')	GET	/notes	http://localhost:3000
20240103	17:42:29	7aa0ac27-7a52-455c-a6b4-bcd5b6e3ddab	TypeError: Cannot read properties of undefined (reading 'split')	GET	/notes	http://localhost:3000
20240103	17:42:45	c571d96a-799f-43bd-986b-000f96c219ee	TypeError: Cannot read properties of undefined (reading 'split')	GET	/notes	http://localhost:3000
20240103	17:43:01	bc02dc78-e974-4040-b521-029e316c3389	TypeError: Cannot read properties of undefined (reading 'split')	GET	/notes	http://localhost:3000
20240103	17:43:17	31d9340e-c0d5-4097-a3df-c1c5d7917729	TypeError: Cannot read properties of undefined (reading 'split')	GET	/notes	http://localhost:3000
20240103	17:43:33	35bd7da0-8c26-49a6-bdf2-7413ec8fc925	TypeError: Cannot read properties of undefined (reading 'split')	GET	/notes	http://localhost:3000
20240103	17:43:45	ddff2d73-4461-4e98-98c6-7271375999b8	TypeError: Cannot read properties of undefined (reading 'split')	GET	/notes	http://localhost:3000
20240103	17:44:00	7e9ede52-d180-49a3-81ce-7b2915a0d4e9	TypeError: Cannot read properties of undefined (reading 'split')	GET	/notes	http://localhost:3000
20240103	17:44:15	39864043-25f1-4a20-9397-3a8aca0bb688	TypeError: Cannot read properties of undefined (reading 'split')	GET	/notes	http://localhost:3000
20240103	17:44:30	ad3bf5ef-9600-4ba8-9c84-ce34e4df9b15	TypeError: Cannot read properties of undefined (reading 'split')	GET	/notes	http://localhost:3000
20240103	17:44:45	cf4fc54e-419a-4682-b01b-3784259dd755	TypeError: Cannot read properties of undefined (reading 'split')	GET	/notes	http://localhost:3000
20240103	17:45:00	3be1b12c-ba2e-412b-8397-9e9d67cfada2	TypeError: Cannot read properties of undefined (reading 'split')	GET	/notes	http://localhost:3000
20240103	17:46:05	ab75714e-7268-4789-869c-a79be397fd0e	TypeError: Cannot read properties of undefined (reading 'split')	GET	/notes	http://localhost:3000
20240103	17:46:29	ddfe218e-fe0a-4254-a2a8-338468808c57	TypeError: Cannot read properties of undefined (reading 'split')	GET	/notes	http://localhost:3000
20240103	17:46:32	f40d7fc2-0b37-4d6e-959d-75c1c987253f	TypeError: Cannot read properties of undefined (reading 'split')	GET	/notes	http://localhost:3000
20240103	17:46:32	4b075855-d8e0-4320-8902-dc4ad6422f59	TypeError: Cannot read properties of undefined (reading 'split')	GET	/users	http://localhost:3000
20240103	17:46:47	43eff574-aa4c-40c2-b0d9-2af41a981364	TypeError: Cannot read properties of undefined (reading 'split')	GET	/notes	http://localhost:3000
20240103	17:47:02	f2b75b04-79eb-428b-9442-5dcb95cc5c24	TypeError: Cannot read properties of undefined (reading 'split')	GET	/notes	http://localhost:3000
20240103	17:47:17	811fa2d7-37ba-43c4-beeb-18bb9f42ba48	TypeError: Cannot read properties of undefined (reading 'split')	GET	/notes	http://localhost:3000
20240103	17:47:32	e447c416-30d3-4d0d-a9f7-a41ca51ff1c7	TypeError: Cannot read properties of undefined (reading 'split')	GET	/notes	http://localhost:3000
20240103	17:47:47	5fcfee0e-6e81-4001-af9c-697c34e15b8a	TypeError: Cannot read properties of undefined (reading 'split')	GET	/notes	http://localhost:3000
20240103	17:48:02	52ce9e40-f7a9-4805-bf14-cedd5d428086	TypeError: Cannot read properties of undefined (reading 'split')	GET	/notes	http://localhost:3000
20240103	17:48:32	8da99877-4be5-49b0-b3a6-0e820b7b2e2d	TypeError: Cannot read properties of undefined (reading 'split')	GET	/notes	http://localhost:3000
20240103	17:48:48	dc78b25e-5d56-4a91-a803-269286ac849b	TypeError: Cannot read properties of undefined (reading 'split')	GET	/notes	http://localhost:3000
20240103	17:49:04	5d920b10-a7b2-4e97-b879-a4d542be8a84	TypeError: Cannot read properties of undefined (reading 'split')	GET	/notes	http://localhost:3000
20240103	17:49:20	2958f3d8-36e2-4b31-b042-5199e155d494	TypeError: Cannot read properties of undefined (reading 'split')	GET	/notes	http://localhost:3000
20240103	17:49:36	9db4c618-8e82-4604-97cb-29eeb43080e9	TypeError: Cannot read properties of undefined (reading 'split')	GET	/notes	http://localhost:3000
20240103	17:49:46	26841068-4fcc-47ff-9637-d78cee2f5ca5	TypeError: Cannot read properties of undefined (reading 'split')	GET	/notes	http://localhost:3000
20240103	17:50:01	02a093e8-dc51-464c-bb2c-fbbe89610cea	TypeError: Cannot read properties of undefined (reading 'split')	GET	/notes	http://localhost:3000
20240103	17:50:36	e494b410-6854-4951-8c80-70b81b4c93a5	TypeError: Cannot read properties of undefined (reading 'split')	GET	/notes	http://localhost:3000
20240103	17:50:39	978d3e02-366d-4ba7-8442-7cf166d8d55a	TypeError: Cannot read properties of undefined (reading 'split')	GET	/notes	http://localhost:3000
20240103	17:50:39	872ce0ce-29d9-42fe-b6f3-b2d2af6bec99	TypeError: Cannot read properties of undefined (reading 'split')	GET	/users	http://localhost:3000
20240103	17:50:55	5331861f-4f93-4f59-8769-f0baf5460ff7	TypeError: Cannot read properties of undefined (reading 'split')	GET	/notes	http://localhost:3000
20240103	17:51:11	f0e7ac6f-323f-44c2-a4f3-1d116b56a5db	TypeError: Cannot read properties of undefined (reading 'split')	GET	/notes	http://localhost:3000
20240103	17:51:27	a97c4527-2660-413c-8db7-0f0344487f28	TypeError: Cannot read properties of undefined (reading 'split')	GET	/notes	http://localhost:3000
20240103	17:51:43	15ddf35d-53c1-4f72-b994-af0c4d9a55ee	TypeError: Cannot read properties of undefined (reading 'split')	GET	/notes	http://localhost:3000
20240103	17:51:59	a6b4affa-a064-4ed5-9d80-f9360baa4450	TypeError: Cannot read properties of undefined (reading 'split')	GET	/notes	http://localhost:3000
20240103	17:52:15	b781b3eb-fec1-478d-ab7f-1f7375895ec1	TypeError: Cannot read properties of undefined (reading 'split')	GET	/notes	http://localhost:3000
20240103	17:52:31	5801e5bf-0477-4c3b-a2bc-f7dc045b2737	TypeError: Cannot read properties of undefined (reading 'split')	GET	/notes	http://localhost:3000
20240103	17:52:47	30fcda69-b3e3-49d9-92ea-e1f0ba828d22	TypeError: Cannot read properties of undefined (reading 'split')	GET	/notes	http://localhost:3000
20240103	17:53:03	7b84f075-a5a7-49eb-bb23-f296dc9373a9	TypeError: Cannot read properties of undefined (reading 'split')	GET	/notes	http://localhost:3000
20240103	17:53:19	c8e5048f-91de-4a50-af03-f9fe3713005d	TypeError: Cannot read properties of undefined (reading 'split')	GET	/notes	http://localhost:3000
20240103	17:53:35	ba852d77-7200-41ac-bfaf-d315d96c72e1	TypeError: Cannot read properties of undefined (reading 'split')	GET	/notes	http://localhost:3000
20240103	17:53:51	6d7bb509-15dd-40df-8c3f-e26b2b901feb	TypeError: Cannot read properties of undefined (reading 'split')	GET	/notes	http://localhost:3000
20240103	17:54:07	0a67d1f6-4b61-417b-b20d-506b87607587	TypeError: Cannot read properties of undefined (reading 'split')	GET	/notes	http://localhost:3000
20240103	17:54:23	a4d40bad-e050-4050-8903-0767817453ed	TypeError: Cannot read properties of undefined (reading 'split')	GET	/notes	http://localhost:3000
20240103	17:54:39	bf03e6ae-d296-40d8-a768-2b314b08c9c9	TypeError: Cannot read properties of undefined (reading 'split')	GET	/notes	http://localhost:3000
20240103	17:54:55	ec04934b-abbb-423d-a090-5cfa0c57f2a4	TypeError: Cannot read properties of undefined (reading 'split')	GET	/notes	http://localhost:3000
20240103	17:55:11	760b7a7a-2eea-4c40-991c-aeeb35fbd063	TypeError: Cannot read properties of undefined (reading 'split')	GET	/notes	http://localhost:3000
20240103	17:55:27	1cc597b4-e4bd-4b52-b8a5-aed2689374f8	TypeError: Cannot read properties of undefined (reading 'split')	GET	/notes	http://localhost:3000
20240103	17:55:43	f74dfd7d-4565-4e72-b768-d6919660038d	TypeError: Cannot read properties of undefined (reading 'split')	GET	/notes	http://localhost:3000
20240103	17:55:59	4c8a0862-91fd-4025-b0ad-f41863995375	TypeError: Cannot read properties of undefined (reading 'split')	GET	/notes	http://localhost:3000
20240103	17:56:16	66d964ae-c3ad-4abc-83a3-65483efd1073	TypeError: Cannot read properties of undefined (reading 'split')	GET	/notes	http://localhost:3000
20240103	17:56:32	2b091355-7022-47b1-93d9-ccfb3015959a	TypeError: Cannot read properties of undefined (reading 'split')	GET	/notes	http://localhost:3000
20240103	17:56:49	e6910792-a7bc-446b-9f6c-e92e6ead9e38	TypeError: Cannot read properties of undefined (reading 'split')	GET	/notes	http://localhost:3000
20240103	17:57:05	d8724cfb-ec32-48d2-98c3-095e50ddba7e	TypeError: Cannot read properties of undefined (reading 'split')	GET	/notes	http://localhost:3000
20240103	17:57:21	534155b1-8595-4146-9b1c-61891447391c	TypeError: Cannot read properties of undefined (reading 'split')	GET	/notes	http://localhost:3000
20240103	17:57:52	f4169fb9-993d-4dd6-b933-c4d1c6c2baac	TypeError: Cannot read properties of undefined (reading 'split')	GET	/notes	http://localhost:3000
20240103	17:57:52	9fbdbc8b-d6b4-4bdb-8699-0eb47f484ed9	TypeError: Cannot read properties of undefined (reading 'split')	GET	/notes	http://localhost:3000
20240103	17:57:53	4d44c8cf-8c41-4ed3-8502-80ef59a559be	TypeError: Cannot read properties of undefined (reading 'split')	GET	/notes	http://localhost:3000
20240103	17:57:55	19beb697-133f-4474-93b5-6b0785c92760	TypeError: Cannot read properties of undefined (reading 'split')	GET	/notes	http://localhost:3000
20240103	17:57:55	547a26d6-1364-4ca4-a09d-da7ba29d95a2	TypeError: Cannot read properties of undefined (reading 'split')	GET	/users	http://localhost:3000
20240103	17:58:03	16d28b84-9935-4102-a888-c53eef72cc02	TypeError: Cannot read properties of undefined (reading 'split')	GET	/notes	http://localhost:3000
20240106	23:13:49	c87202d1-1612-4a73-8140-1d1302e22075	Too many Requests: Too many login attemps from this IP, please try again after 1 min pause	POST	/	http://localhost:3000
