20230920	16:06:58	bd1d0be8-40e7-4499-9546-400bfe42ed5c	GET	/	undefined
20230920	16:06:58	c85257bd-d974-49c8-b68c-2c9d5313998a	GET	/css/style.css	undefined
20230920	16:28:52	9c376072-22a9-4d65-9577-ff9a4b61b759	GET	/	undefined
20230920	16:28:52	2f924a07-d676-47d5-bdb3-3c95f7bfdd8f	GET	/css/style.css	undefined
20230920	16:30:09	46e85272-7a21-477b-ad10-375627b67ca0	GET	/	undefined
20230920	16:30:09	bb26384b-d6ee-4439-ace3-d0ee675a3c17	GET	/css/style.css	undefined
20230920	16:30:11	514aff69-9588-470f-8163-bd7858edb525	GET	/	undefined
20230920	16:30:11	3b4a4cfb-a15f-4b32-808b-705b66b4040c	GET	/css/style.css	undefined
20230920	16:41:56	5983cbe4-e4bd-4ef4-9f50-2c8f94ae1a07	GET	/	undefined
20230920	16:41:56	5be84fb2-dc56-47b5-8707-a0b154dfc9f5	GET	/css/style.css	undefined
20230920	16:42:04	c4713d2c-70a2-4ff1-b741-3367c7affd47	GET	/css/style.css	undefined
20230920	16:42:24	7500a343-94e7-43d1-8786-90936cbc2537	GET	/	undefined
20230920	16:47:55	6ec60c73-6c05-46b5-bf7f-5891d87f741f	GET	/	undefined
20230920	16:47:55	da1f1d43-952f-4d43-8293-f339f7f36dac	GET	/css/style.css	undefined
20230920	17:12:42	94573891-0868-43cf-874e-22f87fe28771	GET	/css/style.css	undefined
20230920	17:12:59	160207fd-192d-4a21-801d-df6d4794ef21	GET	/	undefined
20230920	17:18:28	cf9da8d7-2347-42d7-9893-a7a654fb02b1	GET	/	undefined
20230920	17:18:28	20a6b3bd-4dec-40c4-bb72-5bdef7047f90	GET	/css/style.css	undefined
20230920	17:18:30	9fa7c5ea-0631-4b3b-b34f-e8e46040127c	GET	/	undefined
20230920	17:18:30	d7921d8f-cb43-4966-a069-5c3b9bbee90b	GET	/css/style.css	undefined
20230920	17:18:42	03083aa6-7311-4138-8f85-b565638d5de8	GET	/	undefined
20230920	17:21:56	97f07c63-abda-4bae-b95a-3e0bdabe5c42	GET	/css/style.css	undefined
20230920	17:27:32	00b9688e-27c9-4f12-86b8-9c59e6769d83	GET	/	undefined
20230920	17:27:32	5111865e-6ea4-4b23-b2da-3280b0b2bbfb	GET	/css/style.css	undefined
20230923	20:04:56	d3710f94-6eb2-40b3-8f51-97bbc9907862	GET	/	undefined
20230923	20:04:57	f35dfe26-59fc-413b-8801-4eb6589ba69e	GET	/css/style.css	undefined
20230923	20:04:57	d4085f7c-c0d0-477c-8a37-6764e16822e5	GET	/favicon.ico	undefined
20230923	20:20:37	941f9866-9483-4402-9252-f1037c32d619	GET	/	undefined
20230923	20:30:13	697dd5eb-1e4c-480f-a873-93e4d89bfe8e	GET	/	undefined
20230923	20:30:32	0247d39b-5237-469c-ac25-ec82db92673f	GET	/users	undefined
20230923	21:00:10	846c00e0-f3ad-4e22-a711-c06b834555ae	POST	/users	undefined
20230923	21:01:06	4b37c290-382f-4fd4-99ae-ac548703daec	POST	/users	undefined
20230923	21:01:55	ae325825-c301-43a3-a4a4-e36d192ab1b0	GET	/users	undefined
20230923	21:17:16	df67e3fd-43ea-42fc-9bae-5965ab75e0a7	POST	/users	undefined
20230923	21:17:47	7078904f-fb46-4b9e-9a73-1a936642d8a2	GET	/users	undefined
20230923	21:23:08	72a83282-8b83-4777-a03d-1bfd6179042a	POST	/users	undefined
20230923	21:25:28	c33a07d3-0fd0-41c1-ad64-584a15716bbf	POST	/users	undefined
20230923	21:27:32	2da16e9a-eb6f-4804-a216-57be53226df6	POST	/users	undefined
20230923	21:31:04	40de29e7-3c0b-404a-b7bf-5002bdc71e63	POST	/users	undefined
20230923	21:32:20	824cdf46-04d4-4dca-802a-f10c7418b06a	POST	/users	undefined
20230923	21:35:55	27c3fea7-6fb3-4245-8a39-175764cb3167	POST	/users	undefined
20230923	21:38:02	c770dbbf-f749-4820-8e13-6ee13b996412	POST	/users	undefined
20230923	21:38:38	341a1220-49b3-4aa9-a7b2-44ef390525a6	GET	/users	undefined
20230923	21:39:31	fcfe1bbb-f59f-40a4-ac93-49a5a25da92a	POST	/users	undefined
20230923	21:41:20	eda90318-88f1-4194-a0d9-8720f7b290a4	POST	/users	undefined
20230923	21:41:53	d0277a7b-c409-4524-b80b-78c433686fe2	GET	/users	undefined
20230923	22:47:47	03ae49f1-5da9-4308-b1dc-bae3b4f3f43d	PATCH	/users	undefined
20230923	22:48:16	909af8ff-5ca2-41b4-8391-6302846fa901	PATCH	/users	undefined
20230923	22:50:27	58fbc0f2-c885-4b26-a119-1463719b0a92	PATCH	/users	undefined
20230923	22:51:21	152065a1-2685-4fa3-8692-1d3bbf338360	POST	/users	undefined
20230923	22:52:13	5d02d671-3b56-456d-87ed-23cff1d02b1c	GET	/users	undefined
20230923	22:52:57	8bb0698e-4634-467e-8e2c-191a3318a56c	DELETE	/users	undefined
20230923	22:53:33	eca4d424-5157-4cfa-bf56-8716f3c8e446	GET	/users	undefined
20230923	22:54:16	819a5c1c-c89b-422c-bbbe-e95913efb75d	DELETE	/users	undefined
20230923	22:54:38	05748a1b-22fe-4c80-b801-c9f56d7d0661	DELETE	/users	undefined
20230923	22:56:44	cd858782-206f-497f-a04b-73d076282f99	DELETE	/user	undefined
20230923	22:57:01	fba37d76-479b-469a-8f76-cc3206d26bd1	DELETE	/users	undefined
20230923	22:59:42	5c520e1e-8eed-43c4-b9ef-a9f952cbcb88	GET	/users	undefined
20230923	23:00:28	3f0bf4c7-0b80-4104-96c9-babb5ebe778a	DELETE	/users	undefined
20230923	23:05:24	1424390d-3aeb-48c8-b041-c626ad1f79f9	GET	/users	undefined
20230923	23:06:18	88d24d05-1118-4a07-a1d9-643184de9053	PATCH	/users	undefined
20230923	23:06:50	d7e039b3-69a8-4a73-808d-087a1734d81f	PATCH	/users	undefined
20230923	23:07:13	7af21ea2-3b9d-416d-8379-ab28f591bf66	GET	/users	undefined
20230923	23:07:51	996ec1e3-8387-42c6-afac-2975656a9c04	DELETE	/users	undefined
20230923	23:08:08	4b2513d2-1538-40c6-afee-947cdc197e49	DELETE	/users	undefined
20230923	23:08:17	9aec96ac-c827-44e6-add2-de0ca4cc68c8	DELETE	/users	undefined
20230923	23:09:05	2f2336d1-71a7-41ed-a5fd-4cb664dafbc7	DELETE	/users	undefined
20230923	23:12:40	88731865-4594-466d-bdd5-152d28f22881	DELETE	/users	undefined
20230923	23:21:37	2e59cfd2-2b5e-495c-b9fb-ea3967104d04	DELETE	/users	undefined
20230923	23:21:51	d3e662dc-ea56-4220-80db-be54714dd809	DELETE	/users	undefined
20230923	23:22:10	67e4c8b2-4086-4d65-987d-538578d1afff	DELETE	/users	undefined
20230923	23:26:36	945fd2d2-e900-41cb-bb2b-b3a319ee27ff	DELETE	/users	undefined
20230923	23:27:42	c3d062c5-f530-45b1-943d-ae38197d43a6	DELETE	/users	undefined
20230923	23:28:10	5e7d5a6c-0481-4d70-b733-e950a9105396	GET	/users	undefined
20230923	23:28:45	a3c07c1c-cc9d-4d44-937a-552d0932dae1	GET	/users	undefined
20230923	23:29:00	00b2903b-f396-467d-aaa5-06c6df61803d	DELETE	/users	undefined
20230923	23:29:18	2212c2d7-1e07-4c58-a640-b40a1fe529ad	DELETE	/users	undefined
20230923	23:40:45	4164ed78-22af-4fff-9173-cd94005454be	DELETE	/users	undefined
20230923	23:43:37	aba70f16-24ac-43b9-84cb-e55abf53ce44	DELETE	/users	undefined
20230923	23:44:36	625b8a4f-bddc-403b-874b-0dc430dbb18e	DELETE	/users	undefined
20230923	23:52:00	07182540-e30e-4cda-9a0f-c3e37c998261	DELETE	/users	undefined
20230923	23:53:13	0b79ebd3-4522-4af9-b24d-f40dfe319dae	DELETE	/users	undefined
20230923	23:54:36	1ce609f0-373b-46b2-b8e3-da4b830f25bd	DELETE	/users	undefined
20230923	23:55:36	144b3215-17b9-4b92-aa20-6da8adb82dc2	DELETE	/users	undefined
20230923	23:57:38	3ad1944c-957d-4954-9b1f-8f3f694d3d0a	DELETE	/users	undefined
20230924	00:08:40	6c5b237b-06a5-4562-9398-e88b50cbb199	DELETE	/users	undefined
20230924	00:14:41	6bd4847c-c3ca-4d60-96c4-6720b3db6ecc	DELETE	/users	undefined
20230924	00:16:29	2d748d5e-2e88-4f31-a200-12db3a899722	DELETE	/users	undefined
20230924	13:22:01	fe7214bc-4ae9-4167-aa1a-77e5ae715f4d	GET	/users	undefined
20230924	13:26:11	f6766f75-32a5-4276-b7ca-2d816b9e74d4	POST	/users	undefined
20230924	13:26:28	26d2ee41-63a3-4dd6-88a2-87efb06fc343	POST	/users	undefined
20230924	13:26:54	84aae344-b22e-4578-ab2c-3f9803451934	POST	/users	undefined
20230924	13:27:52	e75679d1-8074-47e9-9986-cc9495591921	GET	/users	undefined
20230924	13:28:32	ff9006b4-3dd7-4c22-9de6-a197c209799e	GET	/users	undefined
20230924	13:28:56	8217b6f5-9cc9-4b42-833e-c9aa9006ef18	GET	/users	undefined
20230924	13:29:19	e6c5ca34-1bcf-4fe9-bd43-a7c38ba0811b	POST	/users	undefined
20230924	13:31:16	472a05db-a8dd-465e-9900-b16b57d68c66	PATCH	/users	undefined
20230924	13:33:32	ede89914-9b7c-43c0-b992-83d75861705a	POST	/users	undefined
20230924	13:34:07	6d430258-173a-4798-8542-b37c8daa5d67	POST	/users	undefined
20230924	13:35:15	bba4f46b-ce40-4dfc-862c-686618d418f2	POST	/users	undefined
20230924	13:40:45	f38051aa-8861-42c5-9704-4b916f77e702	GET	/users	undefined
20230924	13:41:16	f34c92a3-cd8b-44a7-a196-58162bc86423	DELETE	/users	undefined
20230924	13:42:49	72642f2a-15b1-4063-b54c-cc30855b718d	DELETE	/users	undefined
20230924	13:47:57	3dbfedf2-3a71-4491-8902-e7f4c09127d1	DELETE	/users	undefined
20230924	14:02:30	6d312df3-c791-4f5b-ba30-6b7ae653b600	DELETE	/users	undefined
20230924	14:04:51	176a6cea-21dc-4086-b9ee-6f871b74f833	POST	/users	undefined
20230924	14:09:21	3714ca8d-b04b-4212-be46-0ba342bdca93	GET	/users	undefined
20230924	14:09:50	a3b6f5ac-65bd-4715-9668-dbf07116e558	DELETE	/users	undefined
20230924	14:10:18	fab1de24-8cc4-438b-ac5a-02d03c75c706	DELETE	/users	undefined
20230924	14:12:48	ad809b5f-b2dd-4142-9bf1-7de7eacc2400	DELETE	/users	undefined
20230924	14:27:35	1430e6af-487b-4405-9ee1-940fb4830274	DELETE	/users	undefined
20230924	14:32:30	356dd258-6eed-4fc1-9a98-4abf28c8cdbd	DELETE	/users	undefined
20230924	14:36:45	a75f806b-5902-4c3b-b640-1db4d28f6c0e	DELETE	/users	undefined
20230924	14:39:06	b4816f3d-2f69-48e8-8f34-81370ad2e10b	DELETE	/users	undefined
20230924	14:45:25	ac4f0c6d-d206-4d89-87de-9cc2bd10df51	DELETE	/users	undefined
20230924	14:46:19	b2917d03-14fc-45de-aa6f-9ef4a2891211	GET	/users	undefined
20230924	15:37:05	dceba751-bd38-47b5-adac-c6b5fb809950	GET	/users	undefined
20230924	15:37:38	0e766b55-5674-4027-abee-a7e844c5370e	DELETE	/users	undefined
20230924	15:39:23	f20e20c5-9acc-4a98-a3df-a2e08852ea57	DELETE	/notes	undefined
20230924	15:39:41	0ce20547-5c1d-4350-838c-1e4f2dd40d8b	GET	/notes	undefined
20230924	15:43:19	0118f80e-732f-4765-b814-b5831bd2d82e	POST	/notes	undefined
20230924	15:45:45	57d0ab83-43b5-44f9-bc36-2039f26080d9	POST	/notes	undefined
20230924	15:46:32	9d23e95f-ad49-4207-94bc-0701ca7a3e6f	POST	/notes	undefined
20230924	15:46:50	e7645aa6-483a-4171-8ac6-998072c54a44	GET	/notes	undefined
20230924	15:47:36	32f4472c-36ee-4fea-849c-b46179d9b2c7	POST	/notes	undefined
20230924	15:48:45	f464d44f-56a8-4622-b784-ee9a11dda474	POST	/notes	undefined
20230924	15:51:44	bfdc936c-9d65-4e96-b2c9-42796b8e2764	POST	/notes	undefined
20230924	15:55:16	76d81673-5a24-4bce-96a2-58a77bc887e3	POST	/notes	undefined
20230924	16:00:56	dd3cd4bd-07d9-4b25-b6bd-8c46320d1b05	POST	/notes	undefined
20230924	16:02:24	065a6438-156f-4499-8ad2-65ceccdd3eb9	POST	/notes	undefined
20230924	16:04:35	c4da730c-2e9f-4d55-831c-74625d46faae	POST	/notes	undefined
20230924	16:07:10	db079a72-2a19-44f2-aa7c-8cbee7514610	POST	/notes	undefined
20230924	16:09:53	7ba50c60-35b4-47f6-a86c-2f7c264fc42d	GET	/users	undefined
20230924	16:11:46	543a0d14-b2a4-4d7c-8e84-55dbf4a99085	GET	/notes	undefined
20230924	16:12:15	abea99a7-6953-44b1-b43d-48f122247918	POST	/notes	undefined
20230924	16:19:15	c9fb4cdc-de63-465f-9e4c-49949fd0009c	POST	/notes	undefined
20230924	16:22:59	71e58137-9dc4-4f3c-98ab-112f81a7f3a9	POST	/notes	undefined
20230924	16:23:20	f52c2e9d-741e-4df3-a97e-685373f8053d	POST	/notes	undefined
20230924	16:23:52	0fd35c39-94b3-4e86-ae17-160e6db1c107	POST	/notes	undefined
20230924	16:24:05	96a561bb-fee9-4455-a493-2a9a7f0f2f82	GET	/notes	undefined
20230924	16:24:47	15796e05-9451-4c21-9b15-dbbcc94eb957	POST	/notes	undefined
20230924	16:25:25	faad8733-e201-48db-bad2-0e4f71ae6562	GET	/notes	undefined
20230924	16:25:52	b89eb53a-614c-4eed-8017-41ad4f9f10c6	GET	/notes	undefined
20230924	16:26:08	ee7b4d36-ea8d-4650-92da-b10db707df61	POST	/notes	undefined
20230924	16:32:13	8e4476b1-48c2-4e2c-a896-e6a8120de9b2	GET	/notes	undefined
20230924	16:34:41	27a5e127-9668-456e-acb7-c89bd0ed63d3	POST	/notes	undefined
20230924	16:39:01	27ffd073-45d0-412e-b859-d4d06658b655	POST	/notes	undefined
20230924	16:40:50	5ebb5da7-683a-4888-b6e4-8fed8eea2c29	POST	/notes	undefined
20230924	16:51:47	4f9d3958-eae0-4808-8663-9f819265a00d	POST	/notes	undefined
20230924	16:54:53	122267f5-7155-434b-bd99-7ac5f5f0f946	POST	/notes	undefined
20230924	16:56:30	f69a46ef-a013-424e-90dc-9fb3efbbe5f0	GET	/notes	undefined
20230924	17:05:00	c64d9667-9f2a-4da9-88a7-a5d437ac3445	POST	/notes	undefined
20230924	17:11:02	3e513cd0-bb3d-4814-a2f9-c045da4e5474	GET	/notes	undefined
20230924	17:15:06	2fe2269f-cadb-409d-a32c-b5d0c7c295f3	POST	/notes	undefined
20230924	17:21:29	8529eaa3-c247-459f-a138-b88e5327dedf	POST	/notes	undefined
20231008	10:25:30	8cf5a03e-cd5b-4832-8af1-d2bd18c47e81	GET	/	undefined
20231008	10:25:30	698d0159-a034-4699-81e0-e05a69d0997d	GET	/css/style.css	undefined
20231008	10:25:30	f9eda94b-89c6-4c6d-9916-a210ec18cf4f	GET	/favicon.ico	undefined
20231008	10:30:12	bd9328e0-71ff-4e94-8af7-1e6d30787b20	GET	/k	undefined
20231008	10:30:12	44e60f13-e9db-45e1-9b1e-3c12c740bda5	GET	/css/style.css	undefined
20231008	10:30:18	8659cf9b-ca40-4054-ab6d-2031b4c881f1	GET	/	undefined
20231008	10:30:18	63144536-730d-4d00-ab5b-79fdd9814943	GET	/css/style.css	undefined
20231028	22:33:54	22a7bc2b-9970-404b-a6ec-c1fd10ba6a8e	GET	/main.a24b242aac3c97dfc046.hot-update.json	undefined
20231029	21:56:38	3a201a48-3d05-47eb-9ffa-afea8b87f283	GET	/users	http://localhost:3000
20231029	22:02:48	1b4db415-c7de-41b9-b7d3-3969f3a7fe22	GET	/users	http://localhost:3000
20231029	22:04:03	ec271295-a69e-4b93-965e-60c857ce2323	GET	/users	http://localhost:3000
20231029	22:07:48	19057ea6-b263-444a-a9af-451e6b325860	GET	/users	http://localhost:3000
20231029	22:08:59	3c4d6377-a92a-4d14-acc1-42f8febb88fa	GET	/users	http://localhost:3000
20231029	22:40:58	3ee43c02-aaad-4de5-9a3e-9726fa1ec11d	GET	/users	http://localhost:3000
20231029	22:44:59	03e74325-ed16-4efa-87b6-ad558ec831e4	GET	/users	http://localhost:3000
20231029	22:45:06	4c35b9b6-adfb-46bd-9b73-a50d567b6553	GET	/users	http://localhost:3000
20231029	22:45:55	0e6fee62-dba4-4b2e-9e01-fe68ff1c3d3f	GET	/users	http://localhost:3000
20231030	20:41:23	bcd49f6a-a23f-43e4-b8ef-04fecb6b2399	GET	/users	http://localhost:3000
20231030	21:01:25	35fdba27-4749-434a-aa42-31c8d80299fa	GET	/users	http://localhost:3000
20231030	22:16:33	fc7b6cdb-8330-44f9-83d5-c3aae6c5789a	GET	/users	http://localhost:3000
20231030	22:49:37	2816ed15-4b22-4b8c-8b60-c472d3d68536	GET	/notes	http://localhost:3000
20231030	22:51:43	e8037ca5-9527-426a-99ad-5219d72393e5	GET	/notes	http://localhost:3000
20231030	22:51:46	3347a2d9-b324-4fb2-a951-0cb3b46ffd93	GET	/notes	http://localhost:3000
20231031	20:43:58	dcf4900f-bde1-4044-a07e-34386617e031	GET	/notes	http://localhost:3000
20231031	20:54:46	6d166167-0021-44e7-8ecb-b07d56ac101d	GET	/notes	http://localhost:3000
20231031	20:58:09	65ce6811-add5-481e-97d1-fcdde7421d59	GET	/users	http://localhost:3000
20231031	21:02:27	70c4bc52-bbed-425d-842a-044fb5ec52b9	GET	/users	http://localhost:3000
20231031	21:03:10	5fecc322-f986-469a-acd1-946a26a75b21	GET	/users	http://localhost:3000
20231031	21:04:03	c84c86ca-f70b-4444-9ec8-17237bcc47ab	GET	/users	http://localhost:3000
20231031	21:05:00	2c2c2575-c8f7-463d-af44-b9b95b9cc6aa	GET	/users	http://localhost:3000
20231031	21:07:23	cf955c72-1e67-4e44-9a22-e9c96831315a	GET	/users	http://localhost:3000
20231031	21:07:31	85e7c693-568d-4f02-98f8-11f9e0291de0	GET	/notes	http://localhost:3000
20231031	21:16:42	d18a5907-b51e-4e73-b0a2-a1e91b5e3288	GET	/users	undefined
20231031	21:17:13	dc2e53ad-4e26-4534-9f35-3e9f8dce76cb	GET	/notes	undefined
20231031	21:17:49	4d94d6fb-388f-49da-ba01-3895d47b1889	GET	/notes	undefined
20231031	21:21:36	3bfd8cad-6296-4ba8-b327-89c0e0ea38a5	GET	/notes	http://localhost:3000
20231031	21:21:44	8ba9ac85-dad7-4934-a903-676f96db7e46	GET	/users	http://localhost:3000
20231031	21:36:17	0120322c-e2a7-472d-ae29-b832ed7d97a1	GET	/notes	http://localhost:3000
20231031	21:36:43	14095e2a-cfcf-4b0d-a1e0-4d556c7f2bf7	GET	/users	http://localhost:3000
20231031	21:45:04	e8fc11e7-f7a2-40f0-a6ae-7d6822e069d7	GET	/notes	http://localhost:3000
20231031	21:49:24	29484877-59d7-439e-8d06-c29c5dd1e348	GET	/notes	undefined
20231031	21:56:02	f1af7608-1c4c-4325-aa00-2336f58b9143	POST	/notes	undefined
20231031	21:57:36	51122cb6-5ec8-40e5-8434-997d92dd8bee	POST	/notes	undefined
20231031	21:58:08	26c51982-ebf6-400a-afbb-c5c750535cf0	POST	/notes	undefined
20231031	21:59:37	cc608c4e-962e-4965-97cf-6bf364072749	POST	/notes	undefined
20231031	22:01:23	5b0124c7-0477-4e3c-9145-bedbc912655f	POST	/notes	undefined
20231031	22:37:11	9d9f765e-a6e9-4df4-aa12-d6d9cc90919f	GET	/users	http://localhost:3000
20231031	22:40:43	065b5aa1-b4c4-4743-8740-b1c1ca7de4dd	GET	/users	http://localhost:3000
20231031	22:44:24	38764865-f824-4ebf-8b66-b70d8db95ca2	GET	/notes	http://localhost:3000
20231031	23:45:54	128af4f0-7eae-4a52-b081-0a6a85ebb2a4	GET	/users	http://localhost:3000
20231101	20:31:28	d8eb9767-5d27-40ff-be28-09bf850bd23e	GET	/users	http://localhost:3000
20231101	20:31:33	74b8474f-73d7-4a3a-9ccd-83560ddd1565	GET	/notes	http://localhost:3000
20231101	20:31:39	47005db6-764e-447e-89b9-757f3ab414a4	GET	/users	http://localhost:3000
20231101	20:31:59	0fb1e3f3-e39b-404d-b47e-212e1debf468	GET	/notes	http://localhost:3000
20231101	20:32:19	8e165711-665e-477e-96ec-db9f17ca1a03	GET	/users	http://localhost:3000
20231101	20:32:37	0f33e92e-fb47-48b9-ae07-59e04a52c981	GET	/notes	http://localhost:3000
20231102	00:26:57	407840c3-b86d-4fee-b27f-45d11c8dcc57	GET	/notes	http://localhost:3000
20231102	00:27:12	82772d9b-091f-4b52-819e-9c76a0b63bf2	GET	/users	http://localhost:3000
20231102	00:28:57	80cf1449-42fa-4eb7-b0b5-b92a82822af3	GET	/users	http://localhost:3000
20231102	20:21:14	0602d5a0-8ed8-4344-82b2-4fd1dd29bb41	GET	/notes	http://localhost:3000
20231102	20:21:28	c9b2269f-17d6-4bcb-b5af-c3f80848a1c7	GET	/users	http://localhost:3000
20231103	16:22:15	94cd88d3-15e9-4330-b5b4-69951827ce9f	GET	/notes	http://localhost:3000
20231103	16:22:22	41bfc817-9685-4de0-9f0d-a292490f8108	GET	/users	http://localhost:3000
20231103	16:24:17	d242133d-0152-4707-b840-93bf56663c81	GET	/users	http://localhost:3000
20231103	16:24:29	572ded40-1070-429d-9090-4f06d7a933b8	GET	/notes	http://localhost:3000
20231103	16:36:17	943b63c0-9673-4aca-84ca-7c5c237f0fdd	GET	/notes	http://localhost:3000
20231103	16:36:23	580f826a-0b6b-46ca-9ef9-69bdc97914c8	GET	/users	http://localhost:3000
20231103	17:26:23	ce05b2ca-cd6c-4181-95f7-a87e25b33f1f	GET	/notes	http://localhost:3000
20231115	19:48:40	e9cc7316-dfb5-4c67-a1ee-5bd7b1b202a9	GET	/notes	http://localhost:3000
20231115	19:49:17	a3393601-5aaa-4189-92c9-54613afa826d	GET	/users	http://localhost:3000
20231115	19:49:22	51076fca-8e95-420a-ae2b-48615f46e155	GET	/notes	http://localhost:3000
20231115	19:49:39	5d5e71cb-fb57-4670-96da-2c7c85350031	GET	/notes	http://localhost:3000
20231115	19:51:23	0734aed1-4a5a-4df1-9d0f-c8bde8047d50	GET	/users	http://localhost:3000
20231126	13:49:22	8d29b861-0169-4c05-a13c-fda53a7a4062	GET	/notes	http://localhost:3000
20231126	13:49:51	944fe970-e3f6-4528-bddb-f273728c736c	GET	/users	http://localhost:3000
20231126	13:57:53	5d436694-ebdf-4374-9d01-7a629410ec30	GET	/notes	http://localhost:3000
20231126	14:17:11	953e58e1-6876-4419-a6c8-6aa0ccabbacd	GET	/notes	http://localhost:3000
20231126	14:17:39	7a789541-1eb6-4f19-9b09-3e5be1d863f8	GET	/users	http://localhost:3000
20231126	14:27:39	eb43d70d-e680-40df-a48d-26087868f419	GET	/notes	http://localhost:3000
20231126	14:27:39	aed1639c-544e-44a1-97d4-8572b69a8bd4	GET	/users	http://localhost:3000
20231126	14:32:04	9cdeab82-0d0f-4c9a-a1c3-b91bd19805d3	GET	/notes	http://localhost:3000
20231126	14:32:04	bf92e5e8-ddd1-450f-88dd-0c68db9ffe6d	GET	/users	http://localhost:3000
20231126	14:50:18	3cac281f-0cff-4096-abab-0f57c05f3598	GET	/notes	http://localhost:3000
20231126	14:50:18	fa303272-548c-4b7b-97fb-8be339eb8fbf	GET	/users	http://localhost:3000
20231126	14:53:11	aa103e34-f555-4042-bf81-025760b6b58c	GET	/notes	http://localhost:3000
20231126	14:53:11	8e59ed82-2d01-4fb0-bfb0-6f0c4b7e4941	GET	/users	http://localhost:3000
20231126	14:59:30	dd109423-dd9c-458f-b750-9a79210c9fd8	GET	/notes	http://localhost:3000
20231126	14:59:30	0cf16fa4-e88c-422d-8403-848f701ef94c	GET	/users	http://localhost:3000
20231126	15:08:22	d102bc7a-3a32-4eb4-a728-7247831f02a9	GET	/notes	http://localhost:3000
20231126	15:08:22	8250950a-9598-455d-a5b7-e9052a92f33d	GET	/users	http://localhost:3000
20231126	15:15:20	c00797b5-8ca1-4f6b-b66d-724a70af70d4	GET	/notes	http://localhost:3000
20231126	15:15:20	bd4af732-9d6f-4653-9c43-32fa83f9172f	GET	/users	http://localhost:3000
20231126	15:17:25	61b9ea41-43c1-46b4-96bf-79e1d3be4b91	GET	/notes	http://localhost:3000
20231126	15:17:25	ec4c7aca-09ee-482a-a584-18481a1d4568	GET	/users	http://localhost:3000
20231126	15:27:54	6817624a-80bc-47ec-9118-e5338e1fdcb8	OPTIONS	/users	http://localhost:3000
20231126	15:27:54	29b06a21-c594-4628-a03f-e31e6b93f16b	PATCH	/users	http://localhost:3000
20231126	15:27:56	8ab1fa5b-eb7b-4464-abd7-51fefcc41679	PATCH	/users	http://localhost:3000
20231126	15:27:56	ea9eee87-3965-43e9-b94c-1a564350a901	GET	/users	http://localhost:3000
20231126	15:27:56	1a6fb245-ef6e-44de-b96b-411450aa977e	PATCH	/users	http://localhost:3000
20231126	15:27:57	12ec4af4-d346-458e-96d6-742b86441cc4	PATCH	/users	http://localhost:3000
20231126	15:27:58	fa768ecd-373b-419f-bf69-280cfa6191fb	PATCH	/users	http://localhost:3000
20231126	15:27:58	e8901788-fe71-4733-af70-157f15506117	GET	/users	http://localhost:3000
20231126	15:27:59	9216383b-99ca-4968-9fb6-261e42a9adab	PATCH	/users	http://localhost:3000
20231126	15:28:00	39b9a3ba-9fc8-4349-a776-67eb8d71ae00	GET	/users	http://localhost:3000
20231126	15:29:32	d1990358-e024-4f6a-b2d3-5ad242c845c0	OPTIONS	/users	http://localhost:3000
20231126	15:29:32	757355de-1e9f-45f3-b58f-7a1b08917d3c	PATCH	/users	http://localhost:3000
20231126	15:29:46	ef1dd2a8-893f-449e-a7c0-309937f17add	OPTIONS	/users	http://localhost:3000
20231126	15:29:52	16674d76-1f96-4cd9-8ee8-816ade795f37	OPTIONS	/users	http://localhost:3000
20231126	15:29:56	07d7fe6b-b1e3-437c-a770-b56a24ef85ab	PATCH	/users	http://localhost:3000
20231126	15:30:00	5e8c4c91-6225-479a-a4a1-87eb10dd58a6	OPTIONS	/users	http://localhost:3000
20231126	15:30:06	7f51e56c-ade0-4084-8f4f-753e4eb8e38a	PATCH	/users	http://localhost:3000
20231126	15:30:06	6a4884f7-5818-4f87-bd37-0e1dd39e35e7	PATCH	/users	http://localhost:3000
20231126	15:30:06	0441e5e8-84ac-4f3c-8301-610f0d936c1c	PATCH	/users	http://localhost:3000
20231126	15:30:07	770bdf6a-8f5a-4202-8e1a-78789d594d07	PATCH	/users	http://localhost:3000
20231126	15:32:58	70619cfe-96e5-4372-b64f-e12069cc8f52	OPTIONS	/users	http://localhost:3000
20231126	15:32:58	63e0a0e1-a4fe-47ba-9000-90af56001b59	PATCH	/users	http://localhost:3000
20231126	15:33:03	eb968572-a932-49de-b8dc-a32603b3f313	OPTIONS	/users	http://localhost:3000
20231126	15:33:19	ba932a2f-5f19-453f-81be-3b917355f2be	PATCH	/users	http://localhost:3000
20231126	15:33:19	a8209e24-c2f0-44b1-b41d-940e588cc0db	PATCH	/users	http://localhost:3000
20231126	15:33:20	055a5a04-a49d-42e9-b6a8-963c2bc0c599	PATCH	/users	http://localhost:3000
20231126	15:33:23	b4c02aec-8943-4729-97e9-40045162925c	PATCH	/users	http://localhost:3000
20231126	15:33:24	940cfe2e-7de6-4f5b-a57d-29f4b133e5f3	PATCH	/users	http://localhost:3000
20231126	15:34:31	214df520-d19b-4f1c-acba-ba8a85486198	OPTIONS	/users	http://localhost:3000
20231126	15:34:31	693261ef-4e5b-4b0e-906e-58b5a563f099	PATCH	/users	http://localhost:3000
20231126	15:34:36	33efc23a-7c87-4a1b-8dba-1aedb053ee8f	OPTIONS	/users	http://localhost:3000
20231126	15:34:52	d28b6355-56aa-481e-8a55-3baf009c60a5	PATCH	/users	http://localhost:3000
20231126	15:34:52	5e4974df-8ec2-43fb-95d7-e606e6db8ef7	PATCH	/users	http://localhost:3000
20231126	15:34:53	c41c63b8-d9fd-4ae0-baa0-ddeb53bcac51	PATCH	/users	http://localhost:3000
20231126	15:34:53	798424dc-d6fe-4e16-970b-0bcb86c49ccd	PATCH	/users	http://localhost:3000
20231126	15:34:53	ec6dd331-6430-4e64-8676-7566872707c1	PATCH	/users	http://localhost:3000
20231126	15:38:08	a7ad88ff-b95d-4b19-ab7a-7a5b1bcefe5f	OPTIONS	/users	http://localhost:3000
20231126	15:38:08	32ed3074-505f-4d56-91e2-466e69902283	PATCH	/users	http://localhost:3000
20231126	15:38:17	167fdcd8-e5b7-4642-95b6-5fbe9c4594e7	OPTIONS	/users	http://localhost:3000
20231126	15:38:29	eea0597b-86af-4b59-8c2c-952720bded95	PATCH	/users	http://localhost:3000
20231126	15:38:29	e16edf28-e054-4dec-80db-fd6884e87c41	PATCH	/users	http://localhost:3000
20231126	15:38:29	cb7c7644-2fe3-4d30-94e2-97f8791376fe	PATCH	/users	http://localhost:3000
20231126	15:38:29	a16b689a-3cf7-46f1-b7a1-4bf4caeadc3a	PATCH	/users	http://localhost:3000
20231126	15:38:29	38fa681d-f17b-46a0-8a41-8556b4a2a654	PATCH	/users	http://localhost:3000
20231126	15:42:08	e087fa2f-636b-47b9-ac24-22fef16ecb15	GET	/notes	http://localhost:3000
20231126	15:42:08	ca4d68f9-6a58-4369-992c-8b5b59e5c368	GET	/users	http://localhost:3000
20231126	15:42:20	44e230ae-89d4-4521-bc4c-b27e91d35c6d	OPTIONS	/users	http://localhost:3000
20231126	15:42:20	afc14557-108c-4801-a293-dc0dd02717a6	PATCH	/users	http://localhost:3000
20231126	15:42:21	41c3798d-bde4-43bb-a24a-0c30950fc554	GET	/users	http://localhost:3000
20231126	15:43:08	6e434b8b-1887-4e53-ba73-e15d2ac10c28	GET	/notes	http://localhost:3000
20231126	15:43:08	19b67e95-3e84-4e91-91c4-ac2fd545d8a5	GET	/users	http://localhost:3000
20231126	15:43:38	00a72549-f78b-4d2f-a60d-ce8ae5e913b4	OPTIONS	/users	http://localhost:3000
20231126	15:43:38	67c05a59-5930-4413-bd00-530dbe7191e7	PATCH	/users	http://localhost:3000
20231126	15:43:40	340efc3f-c3bd-4956-8d76-9eaac3c73497	GET	/users	http://localhost:3000
20231126	15:46:37	cfb96c45-5f06-4b41-91b3-af1f25fc7ed0	GET	/notes	http://localhost:3000
20231126	15:46:37	3e3b6d1e-3f02-4b6a-8a85-278d7665e4f3	GET	/users	http://localhost:3000
20231126	15:50:02	88e375fe-c7d9-4d30-9d56-0e2623712398	GET	/notes	http://localhost:3000
20231126	15:50:02	f43302a6-2887-40b3-9dc6-d40c0a268083	GET	/users	http://localhost:3000
20231126	15:50:54	169f65b0-0344-455e-a9cf-b2de1753af89	GET	/notes	http://localhost:3000
20231126	15:50:54	50ae87e1-2236-4fbb-9de4-ae07a73fb718	GET	/users	http://localhost:3000
20231126	15:52:01	8f7f6538-f7f6-43a6-94a2-76aeb26b48bd	GET	/notes	http://localhost:3000
20231126	15:52:01	27e8a654-43f8-4b48-9671-188485756f7d	GET	/users	http://localhost:3000
20231126	15:52:34	2dd0bef3-9a7c-435a-83a9-e912a360b0be	GET	/notes	http://localhost:3000
20231126	15:52:34	18a5dec7-8574-4ca6-a407-45eec03ae9e6	GET	/users	http://localhost:3000
20231126	16:07:39	d681c769-5ff0-43d1-a2f9-509c47584090	GET	/notes	http://localhost:3000
20231126	16:07:39	dcb6a435-3cb6-4294-af81-e3fdee9024f8	GET	/users	http://localhost:3000
20231126	16:08:38	567a5a32-ac8f-4744-a093-0dbab860c5e9	GET	/users	http://localhost:3000
20231126	16:08:38	a8250884-8fdf-4db1-b985-31713f4cd2c2	GET	/notes	http://localhost:3000
20231126	16:08:45	1658a2d9-2c93-4c40-aa95-861c6b9511b6	GET	/notes	http://localhost:3000
20231126	16:08:45	0308978a-6a9d-40c7-9242-a2b96a4cb62b	GET	/users	http://localhost:3000
20231126	16:08:58	f2f95ab6-fd2a-4cbe-b386-22e8887c328c	GET	/users	http://localhost:3000
20231126	16:08:58	0d31d431-6134-42ca-8023-1264e9db4207	GET	/notes	http://localhost:3000
20231126	16:09:25	394d3463-521d-4ae4-bca0-a0be1e004d42	GET	/notes	http://localhost:3000
20231126	16:09:25	cc679889-003e-4dfa-ae8f-02726de3e4cf	GET	/users	http://localhost:3000
20231126	16:12:27	f5ae9c4e-ff23-4014-827b-6289bba19f16	GET	/users	http://localhost:3000
20231126	16:12:27	1a79d5e3-cc1a-4843-846a-4bbaa038faa7	GET	/notes	http://localhost:3000
20231126	16:13:10	44c44304-fc1c-4f11-ad6c-7e37489c1d89	GET	/notes	http://localhost:3000
20231126	16:13:10	e71afec0-85c5-4856-aaf6-2863a4ebce80	GET	/users	http://localhost:3000
20231126	16:19:08	7ae88aa6-a3f4-4621-8322-c012dee09886	GET	/notes	http://localhost:3000
20231126	16:19:08	7e18982b-40a3-4b35-836f-1c287e8cbb7d	GET	/users	http://localhost:3000
20231126	16:19:40	f294ba19-bc5b-4af4-8245-9127901f51ee	GET	/users	http://localhost:3000
20231126	16:19:40	495e4261-c418-4d58-a075-fa6d5fc59472	GET	/notes	http://localhost:3000
20231126	16:20:17	c45b34b7-4e79-434b-bbf6-b813f946e7de	GET	/notes	http://localhost:3000
20231126	16:20:17	7116deae-ddf7-4fb5-8fa3-10315eec0bd4	GET	/users	http://localhost:3000
20231126	16:21:09	807d2471-4002-4500-b402-4e909c6d9b86	OPTIONS	/users	http://localhost:3000
20231126	16:21:09	0a922531-4a92-454b-9c7f-af205b02aa73	PATCH	/users	http://localhost:3000
20231126	16:21:29	e4de7f98-2531-4236-bae0-c459432dab78	PATCH	/users	http://localhost:3000
20231126	16:21:30	41997650-a2d6-4a6a-8ace-a8f848b4e7a6	PATCH	/users	http://localhost:3000
20231126	16:21:30	a614cc4c-a849-4e21-adb4-3b3bbc08c230	PATCH	/users	http://localhost:3000
20231126	17:46:26	a3580080-6c25-4e59-949a-d1816e7551d1	GET	/users	http://localhost:3000
20231126	17:46:26	c735bb31-509a-46e0-9fd0-3dccf3f8cc4a	GET	/notes	http://localhost:3000
20231126	17:47:16	615df385-93f9-4074-922c-025162b35cdb	GET	/notes	http://localhost:3000
20231126	17:47:16	7500c6f7-becc-4454-aee7-6f42ab26bd41	GET	/users	http://localhost:3000
20231126	17:57:26	0f80338c-e1e8-4500-8eda-ef4a67aeca9c	GET	/notes	http://localhost:3000
20231126	17:57:26	e9a5ffa4-fa43-4adf-9b1c-9e311162b3e4	GET	/users	http://localhost:3000
20231126	17:57:31	0ea272d3-2b1d-4077-be8a-86f19f74c4e5	OPTIONS	/users	http://localhost:3000
20231126	17:57:31	1fa0f247-f620-4da7-bd82-2efbfd8517f2	PATCH	/users	http://localhost:3000
20231126	17:57:32	8e48baf8-32a4-4723-9d8f-4d3f858f421b	GET	/users	http://localhost:3000
20231126	17:58:31	bec341f0-beab-4fbc-aa73-cf89b3eb29f2	OPTIONS	/users	http://localhost:3000
20231126	17:58:31	7e99e97b-d143-4926-973f-c8a4f14f0494	PATCH	/users	http://localhost:3000
20231126	17:58:40	b20917e4-4e1b-4d15-963b-d7bbaa707c16	OPTIONS	/users	http://localhost:3000
20231126	17:59:00	e7e58b38-02e2-416c-a049-061b32979475	OPTIONS	/users	http://localhost:3000
20231126	17:59:00	16c30191-ef71-4314-b166-e9945bdd1eca	PATCH	/users	http://localhost:3000
20231126	17:59:00	0cc8ab05-d685-4509-8239-45f644aa9223	PATCH	/users	http://localhost:3000
20231126	17:59:01	4f25a7af-798a-4abd-a44e-926e1d13b318	PATCH	/users	http://localhost:3000
20231126	17:59:01	1052824a-86db-4149-ab80-213dc90b8f0f	PATCH	/users	http://localhost:3000
20231126	17:59:01	db8bd20d-bb5e-4a2d-a690-94afe0417c2d	PATCH	/users	http://localhost:3000
20231126	18:02:27	f17c9904-9602-410e-954e-71c49ab64bec	PATCH	/users	http://localhost:3000
20231126	18:02:27	d3498d2e-f959-423c-91ee-d90c4a03230b	PATCH	/users	http://localhost:3000
20231126	18:02:27	17f934f2-ce43-4514-82b5-b9eefe412afc	PATCH	/users	http://localhost:3000
20231126	18:02:27	29411915-f062-4503-844f-d8dc280016f4	OPTIONS	/users	http://localhost:3000
20231126	18:02:27	0d021766-f8cf-4d4f-bb93-d592fdbf16fa	OPTIONS	/users	http://localhost:3000
20231126	18:02:27	a34704d4-fe90-4043-8a80-3ac3b5e8e3f8	OPTIONS	/users	http://localhost:3000
20231126	18:02:27	7c1b817e-5f89-4a3b-bf92-2bc7e6335b6c	OPTIONS	/users	http://localhost:3000
20231126	18:02:27	829f1491-75c1-4d6c-9187-269f506383dd	OPTIONS	/users	http://localhost:3000
20231126	18:02:27	20a42504-9c63-4673-af59-a95bf6e6c449	OPTIONS	/users	http://localhost:3000
20231126	18:02:27	e337a160-1390-4a7b-b9af-b27ad0cbb376	OPTIONS	/users	http://localhost:3000
20231126	18:02:27	58d94c1b-9e59-4e34-98f3-b3e6b40489a2	OPTIONS	/users	http://localhost:3000
20231126	18:02:27	6c0ddbc9-3911-4517-a9ef-d60ee14c0360	OPTIONS	/users	http://localhost:3000
20231126	18:02:27	5f8da29f-9354-48a3-b6f5-88fbbd1604c5	OPTIONS	/users	http://localhost:3000
20231126	18:02:27	e84c5133-9959-48a7-9b0d-b8d688e3df6c	OPTIONS	/users	http://localhost:3000
20231126	18:02:27	7a908a56-37b2-4faf-8aa1-229989655660	OPTIONS	/users	http://localhost:3000
20231126	18:02:27	23502862-2ec6-43c7-962e-2e162a1dacde	OPTIONS	/users	http://localhost:3000
20231126	18:02:27	e8c4f47f-9040-4f3f-937a-639539853c03	OPTIONS	/users	http://localhost:3000
20231126	18:02:27	4d2973a6-afd5-4dbd-99fd-4fc2ce2d69f1	OPTIONS	/users	http://localhost:3000
20231126	18:02:27	2ab98fe3-11d5-4f7e-9c2b-b5d3086309e7	OPTIONS	/users	http://localhost:3000
20231126	18:02:27	d1aae074-1892-4bf7-b116-9acde178293c	OPTIONS	/users	http://localhost:3000
20231126	18:02:27	f2b16374-a1ec-46f2-9477-a4593ca54b5e	OPTIONS	/users	http://localhost:3000
20231126	18:02:27	1b822de8-bdaf-46db-8bfb-d214bc0374f9	OPTIONS	/users	http://localhost:3000
20231126	18:02:27	735b641b-bf2b-447f-bcae-04b0bf990f3f	OPTIONS	/users	http://localhost:3000
20231126	18:02:27	a66707f8-c5ce-48f3-8345-998026850144	OPTIONS	/users	http://localhost:3000
20231126	18:02:27	8220f2e8-95f1-4b09-b459-f71f453f2684	OPTIONS	/users	http://localhost:3000
20231126	18:02:27	e332819e-8c26-4528-94b2-c3bc0ae2f6c0	OPTIONS	/users	http://localhost:3000
20231126	18:02:27	d4488587-da1d-4777-a265-e8db9de168b6	OPTIONS	/users	http://localhost:3000
20231126	18:02:27	86b8e0c3-8a7e-4e08-884d-8b75d820d84f	OPTIONS	/users	http://localhost:3000
20231126	18:02:27	c7764a5a-a905-4bb8-bf2a-2838cf29ab79	OPTIONS	/users	http://localhost:3000
20231126	18:02:27	8c8275af-0204-4fc3-bbbf-ea1d9b981b96	OPTIONS	/users	http://localhost:3000
20231126	18:02:27	da1e2dbc-518b-47b3-9148-e991d75e6357	OPTIONS	/users	http://localhost:3000
20231126	18:02:27	c53aa173-ca45-473d-b9e9-ea116d0483e3	OPTIONS	/users	http://localhost:3000
20231126	18:02:27	f74fe60c-1f1b-4be3-a65c-e2f18babecef	OPTIONS	/users	http://localhost:3000
20231126	18:02:27	3b5b5d0f-ca37-4f8e-a3f7-c43f4e029bf8	OPTIONS	/users	http://localhost:3000
20231126	18:02:27	bbbaa22a-fc9b-44f2-8087-6532d129a515	OPTIONS	/users	http://localhost:3000
20231126	18:02:27	422ba0c7-8bc1-490b-a58a-a22d24a24ef7	OPTIONS	/users	http://localhost:3000
20231126	18:02:27	e01532cd-894a-47e9-9578-eafa17f9fbde	OPTIONS	/users	http://localhost:3000
20231126	18:02:27	57429417-e157-4924-990b-265d17787647	OPTIONS	/users	http://localhost:3000
20231126	18:02:27	35031e5e-d59a-4adf-b640-cfe367b9b362	OPTIONS	/users	http://localhost:3000
20231126	18:02:27	40eceb48-40d4-4799-b176-c3f7aeb25ed7	OPTIONS	/users	http://localhost:3000
20231126	18:02:27	819ca47d-27ef-4ee0-b8d5-9a802a4467d8	OPTIONS	/users	http://localhost:3000
20231126	18:02:27	6805bd26-baf2-4ffa-97e7-f2a111e63331	OPTIONS	/users	http://localhost:3000
20231126	18:02:27	29084cf1-a737-4be0-a626-b098e27b4355	OPTIONS	/users	http://localhost:3000
20231126	18:02:27	5648f1d8-e2d0-4cea-835f-0e7c612f1a7a	OPTIONS	/users	http://localhost:3000
20231126	18:02:27	f597ce58-5f6e-48f7-80cb-eb6e20dcf7a8	OPTIONS	/users	http://localhost:3000
20231126	18:02:27	5c354185-970d-4e1b-a63c-0f1a4f8e62de	OPTIONS	/users	http://localhost:3000
20231126	18:02:27	380f86db-4904-4a4b-8a46-4917fca3e133	OPTIONS	/users	http://localhost:3000
20231126	18:02:27	de29a6ef-f4a0-4ea5-a3c0-5818b55601f2	OPTIONS	/users	http://localhost:3000
20231126	18:02:27	e6d6a113-59d9-455c-8134-a64c99fa2d0e	OPTIONS	/users	http://localhost:3000
20231126	18:02:27	9c4913dc-bb7f-4440-bd17-232be20da473	OPTIONS	/users	http://localhost:3000
20231126	18:02:27	08f56b53-612a-48ca-b340-db4baaea1f48	OPTIONS	/users	http://localhost:3000
20231126	18:02:27	2fbea66d-74d3-405c-9f6c-70b724b0f6c9	OPTIONS	/users	http://localhost:3000
20231126	18:02:27	e3ad37c8-2046-4138-aca7-43b9acb44222	OPTIONS	/users	http://localhost:3000
20231126	18:02:27	d46e2030-667c-46e0-94ad-75c9865bd70b	OPTIONS	/users	http://localhost:3000
20231126	18:02:27	8b05d901-392b-4305-9417-babeef551e62	OPTIONS	/users	http://localhost:3000
20231126	18:02:27	9e40a566-22bd-4a1c-a831-38d1dd3f1dbf	OPTIONS	/users	http://localhost:3000
20231126	18:02:27	9bd7afee-0c32-4141-bf8c-0af1d68d1e8f	OPTIONS	/users	http://localhost:3000
20231126	18:02:27	a5ac58b8-a56a-4d29-990b-0fee3a94f79a	OPTIONS	/users	http://localhost:3000
20231126	18:02:27	51a2a1c9-61ed-424e-889d-bf49b88d9ce0	OPTIONS	/users	http://localhost:3000
20231126	18:02:27	570e3ec8-2b0b-45d7-b1bd-08ebec2183ae	OPTIONS	/users	http://localhost:3000
20231126	18:02:27	86d54f30-8d91-45a7-8e8e-dd68c1d6dcdf	OPTIONS	/users	http://localhost:3000
20231126	18:02:27	3890f75a-ed84-4a02-8cc1-e6e7dfb052db	OPTIONS	/users	http://localhost:3000
20231126	18:02:27	ffce56db-91da-47aa-a72e-6a642a5a9ba4	OPTIONS	/users	http://localhost:3000
20231126	18:02:27	e065b01a-c44e-4102-8d21-4c38fbc6102d	OPTIONS	/users	http://localhost:3000
20231126	18:02:27	9eac9e2e-f8d7-4ff4-bde7-70ef5a712ccb	OPTIONS	/users	http://localhost:3000
20231126	18:02:27	d3631879-e579-42ed-bf00-70e010dd5d9c	OPTIONS	/users	http://localhost:3000
20231126	18:02:28	48f673af-4771-44e2-98ac-5a7983fb9e51	OPTIONS	/users	http://localhost:3000
20231126	18:02:28	d07027e6-c198-4be8-9f44-dbb57649b085	OPTIONS	/users	http://localhost:3000
20231126	18:02:28	a16df795-80a2-47e4-974c-f0bae70105ff	OPTIONS	/users	http://localhost:3000
20231126	18:02:28	0a0b736a-4726-435e-972e-5e380f0d4b6c	OPTIONS	/users	http://localhost:3000
20231126	18:02:28	7b5da9ac-b26c-4c79-ac5c-28b91e7651b7	OPTIONS	/users	http://localhost:3000
20231126	18:02:28	9c223802-3c3f-435a-9220-75054001c722	OPTIONS	/users	http://localhost:3000
20231126	18:02:28	5705e11a-fd70-44ef-8b1d-cf0276fb8a8d	OPTIONS	/users	http://localhost:3000
20231126	18:02:28	3c7be8e1-d6fa-4991-bf8e-610e743616ad	OPTIONS	/users	http://localhost:3000
20231126	18:02:28	cad240cc-ae8d-45b2-bfd0-72f47ab6014f	OPTIONS	/users	http://localhost:3000
20231126	18:02:28	e1b4a5d8-25a7-4eb9-905e-c06b41d1a0f4	OPTIONS	/users	http://localhost:3000
20231126	18:02:28	81209416-c9af-4763-8ea6-220bf448e2bc	OPTIONS	/users	http://localhost:3000
20231126	18:02:28	151f682b-72dc-4225-ad5b-f269384d6357	OPTIONS	/users	http://localhost:3000
20231126	18:02:28	8f535a07-3ab9-40ce-ae91-c3745f44ec15	OPTIONS	/users	http://localhost:3000
20231126	18:02:28	331c24aa-2a58-430d-ab41-82b5589af4e1	OPTIONS	/users	http://localhost:3000
20231126	18:02:28	f1f8f06f-d84c-467b-9698-a3c36d1a232d	OPTIONS	/users	http://localhost:3000
20231126	18:02:28	cf74569f-924d-4b68-9228-7bdd8e87bfc1	OPTIONS	/users	http://localhost:3000
20231126	18:02:28	46665448-e801-444b-a537-5370ab7e739d	OPTIONS	/users	http://localhost:3000
20231126	18:02:28	612225ed-c8d3-47bc-8f37-305851c37874	OPTIONS	/users	http://localhost:3000
20231126	18:02:28	1293e128-a92e-44cb-9ae3-5755ce2c5272	OPTIONS	/users	http://localhost:3000
20231126	18:02:28	18190121-0c70-4e0c-9679-364797c4cd72	OPTIONS	/users	http://localhost:3000
20231126	18:02:28	abf56166-bae0-4535-b276-087b444c3162	OPTIONS	/users	http://localhost:3000
20231126	18:02:28	9fd2b8c6-cd9a-416f-8123-325fcd07cd7f	OPTIONS	/users	http://localhost:3000
20231126	18:02:28	b861426e-4800-427f-b1c4-efb5903ad60b	OPTIONS	/users	http://localhost:3000
20231126	18:02:28	010295a9-816d-48a6-9c62-9bf00e0b1540	OPTIONS	/users	http://localhost:3000
20231126	18:02:28	9ad677c3-ab85-4f60-8536-ca6c55257420	OPTIONS	/users	http://localhost:3000
20231126	18:02:28	22fdb564-bce3-4014-9468-db916d3afaf2	OPTIONS	/users	http://localhost:3000
20231126	18:02:28	9e85e4da-beab-4666-be0a-c4e69803278c	OPTIONS	/users	http://localhost:3000
20231126	18:02:28	4a09bd6d-7f14-4fe2-9ae5-1a0662bb3515	OPTIONS	/users	http://localhost:3000
20231126	18:02:28	0400097c-a2d7-41be-92aa-a1b0fd8d2c34	OPTIONS	/users	http://localhost:3000
20231126	18:02:28	483a6476-1192-4a10-8937-0faae104ea4a	OPTIONS	/users	http://localhost:3000
20231126	18:02:28	3f9d6add-257d-4782-93bf-5de56ed2fe2f	OPTIONS	/users	http://localhost:3000
20231126	18:02:28	e0ee6095-ff45-4a69-ac27-d72e0821a0a6	OPTIONS	/users	http://localhost:3000
20231126	18:02:28	f09b3748-2154-4172-8426-18fcbdf6e5c2	GET	/notes	http://localhost:3000
20231126	18:02:28	a1849cad-9a3a-4e44-9fce-52a3bf7a7841	GET	/users	http://localhost:3000
20231126	18:03:05	5e7df52d-ee65-42ff-b102-b0b03e7326b6	GET	/notes	http://localhost:3000
20231126	18:03:05	cdd80835-e34e-47df-b068-b5f17251e038	GET	/users	http://localhost:3000
20231216	19:37:02	75bf7ec8-41db-4d33-bdce-f88e54c03256	GET	/notes	http://localhost:3000
20231216	19:37:02	b0367808-1e4f-44f0-a23b-1709ebbc0743	GET	/users	http://localhost:3000
20231216	20:10:10	aac1f6e8-78dd-4da8-8a43-0231a5c75888	OPTIONS	/users	http://localhost:3000
20231216	20:10:10	92250048-0184-429d-928b-8c46c3de90de	PATCH	/users	http://localhost:3000
20231216	20:10:28	1cb2b9a0-dfa2-4501-a821-671c94b7b387	OPTIONS	/users	http://localhost:3000
20231216	20:10:32	2c908705-5bc8-48db-aace-7df4389e0439	PATCH	/users	http://localhost:3000
20231216	20:10:33	c0e27994-4b99-42c5-b9c7-5bc8d0ec1cd5	PATCH	/users	http://localhost:3000
20231216	20:10:48	393b41c5-a42f-49c5-9f61-6bee39977c6e	PATCH	/users	http://localhost:3000
20231216	20:10:49	c8941195-ff39-42a0-be1c-3a5d8d1e45a5	PATCH	/users	http://localhost:3000
20231216	20:10:49	1a46d9ab-2fed-4137-8b60-8aaaca8b5545	PATCH	/users	http://localhost:3000
20231216	20:15:17	4060db45-3448-426f-8e43-69b2d9da6284	GET	/users	http://localhost:3000
20231216	20:15:17	04481ce9-2a9b-496b-86b8-c0df3321cad0	GET	/notes	http://localhost:3000
20231216	20:15:40	927aa6bd-8309-4f26-928d-36185691aff7	GET	/users	http://localhost:3000
20231216	20:16:01	ed87435c-abc6-4da0-8f07-ed419794a3a8	OPTIONS	/users	http://localhost:3000
20231216	20:16:01	e9b857af-cc4a-4971-9138-e19ff299ac2f	PATCH	/users	http://localhost:3000
20231216	20:16:02	3b384993-01c6-4a05-b9f2-f76c2331a772	PATCH	/users	http://localhost:3000
20231216	20:16:02	69d435be-3a40-40d8-8dc0-0e8439cd1b67	GET	/users	http://localhost:3000
20231216	20:16:02	45073f3e-e515-4bf0-8615-e55bce6c6354	PATCH	/users	http://localhost:3000
20231216	20:16:02	b20f6d7d-f081-4e78-96fb-511be7877363	PATCH	/users	http://localhost:3000
20231216	20:16:03	555e79d9-9840-4899-a737-1bf2dfbe3f98	PATCH	/users	http://localhost:3000
20231216	20:16:03	aae26af0-44e5-4bdb-b735-60d5f16be549	GET	/users	http://localhost:3000
20231216	20:16:27	8c8934a5-cc73-493d-bec6-4710d675579f	OPTIONS	/users	http://localhost:3000
20231216	20:16:27	94c8befc-d408-4c86-b79e-d3930a4c86cd	PATCH	/users	http://localhost:3000
20231216	20:16:28	8b514bec-14a3-4234-a8c5-b6067ef3014b	GET	/users	http://localhost:3000
20231216	20:16:42	954f4980-5901-4087-817d-3c831828f0ca	OPTIONS	/users	http://localhost:3000
20231216	20:16:42	bc138248-5acb-4598-8971-9dba26896067	PATCH	/users	http://localhost:3000
20231216	20:16:43	7e9b19c4-5dc8-4a0e-9aa7-9d1691258354	GET	/users	http://localhost:3000
20231216	20:17:17	66dadc76-3c5b-4a98-ad3d-faebf6ee9e55	OPTIONS	/users	http://localhost:3000
20231216	20:17:17	eeb84015-bbe4-4f84-9507-6e63ca634267	PATCH	/users	http://localhost:3000
20231216	20:17:25	454ad4cf-cf56-43a7-b2b8-ff744d0b22c8	OPTIONS	/users	http://localhost:3000
20231216	20:17:33	73384226-4a18-4d51-a4c2-595f56d58301	OPTIONS	/users	http://localhost:3000
20231216	20:17:45	24139b25-6c9c-483f-9ecb-73e35add105c	PATCH	/users	http://localhost:3000
20231216	20:17:47	92967856-cd7a-4d42-9429-ddc6356caefc	OPTIONS	/users	http://localhost:3000
20231216	20:17:51	d6e2486b-dd5b-4c29-b74d-fcfd09dfdc90	GET	/users	http://localhost:3000
20231216	20:17:52	3ab9850d-fd7e-41f9-8952-1627256203dc	GET	/users	http://localhost:3000
20231216	20:17:52	65e3de55-44a2-41e6-b72d-c748e1d34991	GET	/notes	http://localhost:3000
20231216	20:18:01	84d856a3-5d18-40a7-a0c0-942805ce763e	OPTIONS	/users	http://localhost:3000
20231216	20:18:01	bdc4bbdb-a397-418a-92f1-446abd6815ad	PATCH	/users	http://localhost:3000
20231216	20:18:02	7d93392e-7e39-4f79-bf59-741e13a71832	GET	/users	http://localhost:3000
20231216	20:30:03	a4a31136-2f90-49c8-a7a0-c2bc898ca129	GET	/users	http://localhost:3000
20231216	20:30:03	d1edb98e-e817-4414-b837-4117a5a1782f	GET	/notes	http://localhost:3000
20231216	20:41:47	fbddabc7-ca5f-4700-8883-d2f9550a8914	GET	/users	http://localhost:3000
20231216	20:41:53	eaa0c55e-9d9d-4d48-89dc-4c20cadf494b	GET	/notes	http://localhost:3000
20231216	20:45:53	6fcc0459-b7ce-40fa-b743-56b503fe8427	GET	/users	http://localhost:3000
20231216	20:45:59	a536de46-72b7-4c39-b721-6713a06b63b8	GET	/users	http://localhost:3000
20231216	20:46:03	9a124128-e0bd-4c96-97bc-28be8d194be4	GET	/users	http://localhost:3000
20231216	20:46:05	177ee802-35e2-413b-9f07-274cd3487318	GET	/users	http://localhost:3000
20231216	20:46:09	9a64a165-098f-4d16-8e07-b4c8cd3d1a75	GET	/users	http://localhost:3000
20231216	20:47:16	17df42d9-5ba4-4dfc-ba18-e91447887c7f	GET	/notes	http://localhost:3000
20231216	20:47:25	10d087bc-0046-4a60-983e-c9a0ffaf75f7	GET	/notes	http://localhost:3000
20231216	20:47:30	19e92041-daca-4d49-a575-35145984fb51	GET	/notes	http://localhost:3000
20231216	20:47:34	15fdd476-b532-4f12-a6ba-5ac3b212a89a	GET	/notes	http://localhost:3000
20231216	20:47:38	05bf5b19-9cf6-4c15-9d9c-2fa4d10a1042	GET	/users	http://localhost:3000
20231216	20:47:44	ed1f4204-be60-43f6-9f90-938e5eefed84	GET	/users	http://localhost:3000
20231216	20:49:00	40bc33bc-8ec2-4f25-8398-8058a2210ccc	GET	/users	http://localhost:3000
20231216	20:50:00	13e35737-1961-4b27-82df-dca7b7c7e7cb	GET	/users	http://localhost:3000
20231216	20:50:29	72ea4575-80fe-43c9-86d7-9346148410d4	GET	/users	http://localhost:3000
20231216	20:50:30	6589ec91-57a9-45e5-a4ab-efa279a5f47e	GET	/users	http://localhost:3000
20231216	21:09:10	da33ec9d-b259-46ea-b777-7fb2c1978912	GET	/notes	http://localhost:3000
20231216	21:09:21	bd37b8ef-de83-4704-b565-366b9d4c1df9	GET	/users	http://localhost:3000
20231216	21:09:32	6811020a-ff6b-4cc3-9602-b79c3017f622	GET	/users	http://localhost:3000
20231216	21:09:32	a558c47b-5f72-4394-b595-a0d346e755bc	GET	/notes	http://localhost:3000
20231216	21:09:36	218865c1-e189-4520-b5ad-b3339ea9caae	GET	/users	http://localhost:3000
20231216	21:09:42	50074b19-3093-4000-99df-12f85fb04ebe	GET	/users	http://localhost:3000
20231216	21:09:47	ddad4065-bb88-4c17-be6c-902cced1cc56	GET	/users	http://localhost:3000
20231216	21:09:50	a38b7594-cb7e-46f7-a716-c57a637d3ae5	GET	/notes	http://localhost:3000
20231216	21:11:03	96f852cf-b685-47b8-af32-6f68654c0a18	GET	/users	http://localhost:3000
20231216	21:12:20	b5a81602-59f1-4bcc-9402-fbaad54e152f	GET	/users	http://localhost:3000
20231216	21:12:27	a5d21aed-945d-4542-ac2e-fd8ede28a487	GET	/users	http://localhost:3000
20231216	21:12:31	3ebf9792-09a9-489e-8d33-fcc0217a22cf	GET	/notes	http://localhost:3000
20231216	21:12:37	902a2f72-2d2b-468b-a809-1e934b3d0161	GET	/notes	http://localhost:3000
20231216	21:12:40	5fdcc18d-44ff-425b-a86e-8446b641768a	GET	/notes	http://localhost:3000
20231216	21:12:42	6d94ff66-b71b-4c71-8cc5-f8b07460b050	GET	/users	http://localhost:3000
20231216	21:12:43	562dbefa-0b9f-4d3a-b548-4de1a3a5ce8b	GET	/notes	http://localhost:3000
20231216	21:12:52	6fdf12ef-4a85-4e9d-887f-908aaa5e7e02	GET	/notes	http://localhost:3000
20231216	21:12:56	429dc390-7e02-48bb-b4e6-1d64924c01e6	GET	/notes	http://localhost:3000
20231216	21:29:43	6ec1542e-fbdf-4e6b-a7ff-83d7dc21c0fb	GET	/notes	http://localhost:3000
20231216	21:29:47	18fae96b-7fef-422b-91c2-0b1d7c40ea3f	GET	/notes	http://localhost:3000
20231216	21:29:51	77e73360-e70b-4de5-ab43-d0e6bb57426a	GET	/users	http://localhost:3000
20231216	21:29:55	d7c3fbe8-c6e9-4e9b-967d-4edc6819ee65	GET	/users	http://localhost:3000
20231216	21:42:33	7fd6cc34-30bc-40d9-b5b0-1aae2a8d213f	GET	/notes	http://localhost:3000
20231216	21:42:33	c8655e2b-98f6-416d-ac75-9092bfef6474	GET	/users	http://localhost:3000
20231216	21:42:36	f146283b-a5d2-4f47-92cf-25eabe8c711e	GET	/notes	http://localhost:3000
20231216	21:42:36	653388f5-7f25-40e4-9543-1a8051e1b4bd	GET	/users	http://localhost:3000
20231216	21:43:05	3f440923-6d56-42f1-acab-bcec89de09c3	GET	/users	http://localhost:3000
20231216	21:43:18	af3da1d2-2d01-453a-9591-2867b3e305c3	GET	/users	http://localhost:3000
20231216	21:43:18	b4dbf649-9474-4105-8ca6-fb7c05d1ac9d	GET	/notes	http://localhost:3000
20231216	21:43:19	93730e4e-e632-4a87-bc9f-39d137050a37	GET	/users	http://localhost:3000
20231216	22:06:55	45a7a003-693f-43ba-a5ae-96ba00138546	GET	/notes	http://localhost:3000
20231216	22:06:55	62403535-edd7-4bd4-b31f-2b86255eecae	GET	/users	http://localhost:3000
20231216	22:07:24	fa4512cc-f26f-4c13-8e2b-0eb609108c3d	GET	/notes	http://localhost:3000
20231216	22:07:41	4121e2e1-0c5e-48d8-98a9-8c64cc34bfd6	GET	/notes	http://localhost:3000
20231216	22:07:52	51017890-faf5-434f-9099-665890bf2fed	GET	/notes	http://localhost:3000
20231216	22:07:57	01a0915d-a3fa-4d67-9970-4f08f627b307	GET	/users	http://localhost:3000
20231216	22:08:01	326d6bc3-2814-45d3-a21d-0ad6e0311ab4	GET	/users	http://localhost:3000
20231216	22:09:23	4e16cd80-83ab-4acf-bcb3-b1d73208c4fb	GET	/notes	http://localhost:3000
20231216	22:09:23	21af8d4b-e07e-4299-9bc4-cffe04f33874	GET	/users	http://localhost:3000
20231216	22:09:25	819a83e2-b7d9-413b-bd77-00a218bfab13	GET	/notes	http://localhost:3000
20231216	22:09:25	3022cc67-c9c2-419a-b547-f0075e2e2d7c	GET	/users	http://localhost:3000
20231216	22:16:18	e07debf1-af6d-4274-9cff-c68942f8f650	GET	/notes	http://localhost:3000
20231216	22:16:18	ba003f35-2915-46e6-9df3-6233e8fab029	GET	/users	http://localhost:3000
20231216	22:17:25	81d0c60a-18ee-4c9c-b04b-bbd43cf47fc3	GET	/notes	http://localhost:3000
20231216	22:17:36	2e4ca09d-d039-4884-8171-369af1a92bfa	GET	/notes	http://localhost:3000
20231216	23:37:19	803f0419-6c89-4a0d-b255-c5172726d1f9	GET	/notes	http://localhost:3000
20231216	23:37:19	a1cd94cb-4ce8-438a-a219-5a79c050f73e	GET	/users	http://localhost:3000
20231216	23:37:25	dceda842-86d2-4716-a9e6-1c859c958e28	GET	/notes	http://localhost:3000
20231216	23:37:29	7c5c9ab5-aea7-47dd-867c-5461405e5b82	GET	/notes	http://localhost:3000
20231216	23:38:20	3764ffe4-007b-41e0-89b5-3a7a9b142bea	GET	/notes	http://localhost:3000
20231216	23:38:26	94996746-7262-4ad0-9fe8-a4a313ee447b	GET	/notes	http://localhost:3000
20231216	23:38:26	f064640c-6cfb-4629-a10c-4fa9d04870d3	GET	/users	http://localhost:3000
20231216	23:38:55	eea2bda3-48dd-49f0-853f-24e511e5c0fd	GET	/users	http://localhost:3000
20231216	23:39:00	2f69294d-a4d0-4c4d-874a-0ec701bff06f	GET	/users	http://localhost:3000
20231216	23:39:03	93a18809-79af-4e07-850a-ef250f5597f8	GET	/notes	http://localhost:3000
20231216	23:39:07	228559cd-cffa-4a37-8080-716142978cb8	GET	/notes	http://localhost:3000
20231216	23:39:23	d6592499-4c45-490f-93e4-e05ebe7a9561	GET	/notes	http://localhost:3000
20231216	23:39:34	e489a838-9070-4e7c-a376-cd0d8effe691	GET	/notes	http://localhost:3000
20240103	12:33:44	36071426-6d05-4a5a-918c-b704213b7898	GET	/notes	http://localhost:3000
20240103	12:33:44	f4001a12-4d66-4d64-b6a8-7261c6f3cec7	GET	/users	http://localhost:3000
20240103	12:34:21	58990bf7-9d6b-4bff-a78f-47b2446a9dff	GET	/users	http://localhost:3000
20240103	12:34:40	0b97fda3-72c6-4b7e-b6ac-65d91068120f	GET	/notes	http://localhost:3000
20240103	12:34:48	cf33e453-9041-40a6-977f-f9efb1567959	GET	/notes	http://localhost:3000
20240103	12:35:03	d938ea66-e5d3-4428-882d-3ef44e612cf2	GET	/notes	http://localhost:3000
20240103	12:35:18	62245e76-882c-4302-890a-7eb687d379d2	GET	/notes	http://localhost:3000
20240103	12:35:33	33f384e5-c7d1-43b9-b83d-ff60a7f1911a	GET	/notes	http://localhost:3000
20240103	12:35:49	4b90957b-6119-41a2-aff7-e4252ef02629	GET	/notes	http://localhost:3000
20240103	12:36:04	8303d642-eb00-4dc9-afa3-411508ba1418	GET	/notes	http://localhost:3000
20240103	12:36:05	c480c624-8585-43a9-bff2-5531c2bd83f7	GET	/notes	http://localhost:3000
20240103	12:36:20	5906ff17-a9ea-4d4a-aa0a-e62122254a52	GET	/notes	http://localhost:3000
20240103	12:36:38	7caae698-f022-41bc-a21e-877820f06f49	GET	/notes	http://localhost:3000
20240103	12:36:53	a85623fb-b2ae-4140-9521-a3a4c36e6889	GET	/notes	http://localhost:3000
20240103	12:37:09	3b72b47b-cabc-4709-9bb9-df9bd1f02c6a	GET	/notes	http://localhost:3000
20240103	12:37:24	9c3b4f0f-77dd-41eb-b084-ea7f4a5877b8	GET	/notes	http://localhost:3000
20240103	12:37:40	8d237204-6d83-4cda-91be-f990a9f2142d	GET	/notes	http://localhost:3000
20240103	12:37:54	f953f519-a5fe-494e-9536-632a0ec1e1e7	GET	/notes	http://localhost:3000
20240103	12:37:57	bd9fb6d6-e18b-40f8-9a67-39434016c129	GET	/notes	http://localhost:3000
20240103	12:38:03	a3781c69-65bc-4b4c-8391-de63dae953c7	GET	/notes	http://localhost:3000
20240103	12:38:03	75ddeb35-8259-4c6d-b79e-041e801aaaf6	GET	/users	http://localhost:3000
20240103	12:38:18	c0ae8bb7-d24e-40a1-85e8-6e9bcf1d9477	GET	/notes	http://localhost:3000
20240103	12:38:34	0cee4734-921a-4058-a3d6-9133ad1322fb	GET	/notes	http://localhost:3000
20240103	12:38:50	68d7f6ce-8c19-4fc9-9d13-ae1a66c3254d	GET	/notes	http://localhost:3000
20240103	12:38:54	0c29d35b-5f12-4a82-970d-a919f1beccf1	GET	/notes	http://localhost:3000
20240103	12:39:10	04d952d7-7b30-419e-89b9-a9d40ceabd34	GET	/notes	http://localhost:3000
20240103	12:39:25	82794879-a918-469f-8a3c-bbb69582c867	GET	/notes	http://localhost:3000
20240103	12:39:40	3724d09a-9b88-4a4b-abc2-b7088dc87ab9	GET	/notes	http://localhost:3000
20240103	12:39:55	caffb77c-5afd-404c-bf70-8e9f456fbd80	GET	/notes	http://localhost:3000
20240103	12:40:08	42e2cc73-9eac-41fc-94f9-aba0bc119311	GET	/notes	http://localhost:3000
20240103	12:40:11	900848d9-1435-4e6c-b403-765b4b749cc6	GET	/notes	http://localhost:3000
20240103	12:40:16	8bdd866e-2913-4b87-b37e-91ce3e836043	GET	/notes	http://localhost:3000
20240103	12:40:25	aa86a19b-eaac-4309-8ea5-02c58701a7bb	GET	/notes	http://localhost:3000
20240103	12:40:28	3d015255-77c6-46a3-b0b2-8acc32bcafe4	GET	/notes	http://localhost:3000
20240103	12:40:52	f2e4e1cd-7a0c-4554-bf06-40e28f3f869e	GET	/users	http://localhost:3000
20240103	12:41:01	25dd8b5c-4626-4516-b450-ede8fa5046d4	GET	/users	http://localhost:3000
20240103	12:41:05	ebd27544-c6f6-4a8e-8eb6-3d6975c56991	GET	/users	http://localhost:3000
20240103	12:41:22	bd09a0d6-1056-4aac-9a13-26649114787f	GET	/users	http://localhost:3000
20240103	15:04:46	d1c4d776-72b3-4412-b6d2-3320d33d60bb	GET	/notes	http://localhost:3000
20240103	15:04:46	1f5e2ff2-c9fb-4b7d-bd79-fe269f811be4	GET	/users	http://localhost:3000
20240103	15:04:47	993f94f2-aa5c-4cbb-9fe9-a3e2c154cd31	GET	/users	http://localhost:3000
20240103	15:04:51	4097da52-3061-4b5c-a6d0-87d8dd40da61	GET	/users	http://localhost:3000
20240103	15:04:56	1f4676dc-a079-44bc-9d72-65a782475573	GET	/users	http://localhost:3000
20240103	15:04:58	f2ce1b4c-cf87-4aa4-ae44-17ee601d620f	GET	/notes	http://localhost:3000
20240103	15:05:01	ab696c79-3419-44f6-85c2-4d4cc5a98ca9	GET	/notes	http://localhost:3000
20240103	15:05:17	eb84d75c-e2c3-4338-bd58-24c2dc256fb5	GET	/notes	http://localhost:3000
20240103	15:05:23	bfce1e80-adce-41be-b477-56b18a043939	GET	/notes	http://localhost:3000
20240103	15:05:38	648e3137-43c9-4f07-bdcc-62b97b57548e	GET	/notes	http://localhost:3000
20240103	15:05:42	d4cce8e1-fa81-47bb-9ada-f0177ec9525c	GET	/notes	http://localhost:3000
20240103	15:05:58	b714861f-bbcb-4a73-a2a2-ca889dccce65	GET	/notes	http://localhost:3000
20240103	15:06:14	7f0d6b98-cac5-44d6-8884-ef96e54f90e2	GET	/notes	http://localhost:3000
20240103	15:06:30	b5745c0e-aa79-4de9-9dd3-f7bc6dc61c54	GET	/notes	http://localhost:3000
20240103	15:06:46	ba0d564f-37ca-4bf7-94cd-808d09be7046	GET	/notes	http://localhost:3000
20240103	15:07:02	00b81dcb-9171-477c-8aab-a3284c9d0035	GET	/notes	http://localhost:3000
